
> neurotechx-website@0.1.0 build
> next build

  ▲ Next.js 14.2.0

   Creating an optimized production build ...
Failed to compile.

./src/app/about/page.module.css
Error: It looks like you're trying to use `tailwindcss` directly as a PostCSS plugin. The PostCSS plugin has moved to a separate package, so to continue using Tailwind CSS with PostCSS you'll need to install `@tailwindcss/postcss` and update your PostCSS configuration.
    at lt (/home/mhough/dev/neurotechx/neurotechx-website/node_modules/tailwindcss/dist/lib.js:38:1643)
    at LazyResult.runOnRoot (/home/mhough/dev/neurotechx/neurotechx-website/node_modules/next/node_modules/postcss/lib/lazy-result.js:329:16)
    at LazyResult.runAsync (/home/mhough/dev/neurotechx/neurotechx-website/node_modules/next/node_modules/postcss/lib/lazy-result.js:258:26)
    at LazyResult.async (/home/mhough/dev/neurotechx/neurotechx-website/node_modules/next/node_modules/postcss/lib/lazy-result.js:160:30)
    at LazyResult.then (/home/mhough/dev/neurotechx/neurotechx-website/node_modules/next/node_modules/postcss/lib/lazy-result.js:404:17)

Import trace for requested module:
./src/app/about/page.module.css
./src/app/about/page.tsx

./src/app/page.module.css
Error: It looks like you're trying to use `tailwindcss` directly as a PostCSS plugin. The PostCSS plugin has moved to a separate package, so to continue using Tailwind CSS with PostCSS you'll need to install `@tailwindcss/postcss` and update your PostCSS configuration.
    at lt (/home/mhough/dev/neurotechx/neurotechx-website/node_modules/tailwindcss/dist/lib.js:38:1643)
    at LazyResult.runOnRoot (/home/mhough/dev/neurotechx/neurotechx-website/node_modules/next/node_modules/postcss/lib/lazy-result.js:329:16)
    at LazyResult.runAsync (/home/mhough/dev/neurotechx/neurotechx-website/node_modules/next/node_modules/postcss/lib/lazy-result.js:258:26)
    at LazyResult.async (/home/mhough/dev/neurotechx/neurotechx-website/node_modules/next/node_modules/postcss/lib/lazy-result.js:160:30)
    at LazyResult.then (/home/mhough/dev/neurotechx/neurotechx-website/node_modules/next/node_modules/postcss/lib/lazy-result.js:404:17)

Import trace for requested module:
./src/app/page.module.css
./src/app/page.tsx

./src/app/students/page.module.css
Error: It looks like you're trying to use `tailwindcss` directly as a PostCSS plugin. The PostCSS plugin has moved to a separate package, so to continue using Tailwind CSS with PostCSS you'll need to install `@tailwindcss/postcss` and update your PostCSS configuration.
    at lt (/home/mhough/dev/neurotechx/neurotechx-website/node_modules/tailwindcss/dist/lib.js:38:1643)
    at LazyResult.runOnRoot (/home/mhough/dev/neurotechx/neurotechx-website/node_modules/next/node_modules/postcss/lib/lazy-result.js:329:16)
    at LazyResult.runAsync (/home/mhough/dev/neurotechx/neurotechx-website/node_modules/next/node_modules/postcss/lib/lazy-result.js:258:26)
    at LazyResult.async (/home/mhough/dev/neurotechx/neurotechx-website/node_modules/next/node_modules/postcss/lib/lazy-result.js:160:30)
    at LazyResult.then (/home/mhough/dev/neurotechx/neurotechx-website/node_modules/next/node_modules/postcss/lib/lazy-result.js:404:17)

Import trace for requested module:
./src/app/students/page.module.css
./src/app/students/page.tsx

./src/components/Footer.module.css
Error: It looks like you're trying to use `tailwindcss` directly as a PostCSS plugin. The PostCSS plugin has moved to a separate package, so to continue using Tailwind CSS with PostCSS you'll need to install `@tailwindcss/postcss` and update your PostCSS configuration.
    at lt (/home/mhough/dev/neurotechx/neurotechx-website/node_modules/tailwindcss/dist/lib.js:38:1643)
    at LazyResult.runOnRoot (/home/mhough/dev/neurotechx/neurotechx-website/node_modules/next/node_modules/postcss/lib/lazy-result.js:329:16)
    at LazyResult.runAsync (/home/mhough/dev/neurotechx/neurotechx-website/node_modules/next/node_modules/postcss/lib/lazy-result.js:258:26)
    at LazyResult.async (/home/mhough/dev/neurotechx/neurotechx-website/node_modules/next/node_modules/postcss/lib/lazy-result.js:160:30)
    at LazyResult.then (/home/mhough/dev/neurotechx/neurotechx-website/node_modules/next/node_modules/postcss/lib/lazy-result.js:404:17)

Import trace for requested module:
./src/components/Footer.module.css
./src/components/Footer.tsx
./src/app/layout.tsx

./src/components/Header.module.css
Error: It looks like you're trying to use `tailwindcss` directly as a PostCSS plugin. The PostCSS plugin has moved to a separate package, so to continue using Tailwind CSS with PostCSS you'll need to install `@tailwindcss/postcss` and update your PostCSS configuration.
    at lt (/home/mhough/dev/neurotechx/neurotechx-website/node_modules/tailwindcss/dist/lib.js:38:1643)
    at LazyResult.runOnRoot (/home/mhough/dev/neurotechx/neurotechx-website/node_modules/next/node_modules/postcss/lib/lazy-result.js:329:16)
    at LazyResult.runAsync (/home/mhough/dev/neurotechx/neurotechx-website/node_modules/next/node_modules/postcss/lib/lazy-result.js:258:26)
    at LazyResult.async (/home/mhough/dev/neurotechx/neurotechx-website/node_modules/next/node_modules/postcss/lib/lazy-result.js:160:30)
    at LazyResult.then (/home/mhough/dev/neurotechx/neurotechx-website/node_modules/next/node_modules/postcss/lib/lazy-result.js:404:17)

Import trace for requested module:
./src/components/Header.module.css
./src/components/Header.tsx
./src/app/layout.tsx


> Build failed because of webpack errors
